number,values_0,values_1,values_2,params_rsi_period
0,1.5,-4.0,15.0,10
1,1.8,-3.0,12.0,10
2,1.2,-8.0,18.0,10
3,3.0,-2.0,8.0,10
4,1.0,-5.0,10.0,10
5,0.8,-6.0,7.0,10
6,1.1,-5.0,11.0,10
7,0.5,-10.0,5.0,30
8,0.6,-9.0,4.0,30
9,0.4,-12.0,6.0,30
10,0.7,-8.0,3.0,30
11,0.3,-11.0,4.0,30
12,0.5,-10.0,5.0,30
13,0.6,-9.0,6.0,30
